<?xml version="1.0" encoding="UTF-8"?>
<!-- Generated by org.testng.reporters.JUnitReportReporter -->
<testsuite hostname="DESKTOP-NKE74KJ" failures="0" tests="1" name="learning.java.com.DoWhileLearning" time="0.012" errors="0" timestamp="2023-01-05T23:36:49 IST" skipped="0">
  <testcase classname="learning.java.com.DoWhileLearning" name="whileoper" time="0.012"/>
  <system-out/>
</testsuite> <!-- learning.java.com.DoWhileLearning -->
