<?xml version="1.0" encoding="UTF-8"?>
<!-- Generated by org.testng.reporters.JUnitReportReporter -->
<testsuite hostname="DESKTOP-NKE74KJ" failures="0" tests="1" name="learning.java.com.PrimeNumber" time="0.018" errors="0" timestamp="2023-01-09T09:45:03 IST" skipped="0">
  <testcase classname="learning.java.com.PrimeNumber" name="main" time="0.018"/>
  <system-out/>
</testsuite> <!-- learning.java.com.PrimeNumber -->
