<?xml version="1.0" encoding="UTF-8"?>
<!-- Generated by org.testng.reporters.JUnitReportReporter -->
<testsuite hostname="DESKTOP-NKE74KJ" failures="0" tests="1" name="learning.java.com.IncDecOperators" time="0.013" errors="0" timestamp="2022-12-31T23:44:58 IST" skipped="0">
  <testcase classname="learning.java.com.IncDecOperators" name="increaseanddecrease" time="0.013"/>
  <system-out/>
</testsuite> <!-- learning.java.com.IncDecOperators -->
