<?xml version="1.0" encoding="UTF-8"?>
<!-- Generated by org.testng.reporters.JUnitReportReporter -->
<testsuite hostname="DESKTOP-NKE74KJ" failures="0" tests="4" name="testnglearning.TestngAnnotations" time="0.034" errors="0" timestamp="2023-03-02T11:17:36 IST" skipped="1">
  <testcase classname="testnglearning.TestngAnnotations" name="testCase4" time="0.007"/>
  <system-out/>
  <testcase classname="testnglearning.TestngAnnotations" name="testCase2" time="0.018"/>
  <system-out/>
  <testcase classname="testnglearning.TestngAnnotations" name="testCase3" time="0.009"/>
  <system-out/>
  <testcase classname="testnglearning.TestngAnnotations" name="testCase1">
    <skipped/>
  </testcase> <!-- testCase1 -->
  <system-out/>
</testsuite> <!-- testnglearning.TestngAnnotations -->
