<?xml version="1.0" encoding="UTF-8"?>
<!-- Generated by org.testng.reporters.JUnitReportReporter -->
<testsuite hostname="DESKTOP-NKE74KJ" failures="0" tests="1" name="collections.HashMapLearning" time="0.013" errors="0" timestamp="2023-02-27T20:11:45 IST" skipped="0">
  <testcase classname="collections.HashMapLearning" name="hashMapLearning" time="0.013"/>
  <system-out/>
</testsuite> <!-- collections.HashMapLearning -->
