<?xml version="1.0" encoding="UTF-8"?>
<!-- Generated by org.testng.reporters.JUnitReportReporter -->
<testsuite hostname="DESKTOP-NKE74KJ" failures="0" tests="3" name="learning.java.com.LogicalOperation" time="0.021" errors="0" timestamp="2022-12-31T22:53:11 IST" skipped="0">
  <testcase classname="learning.java.com.LogicalOperation" name="logicopernot" time="0.003"/>
  <system-out/>
  <testcase classname="learning.java.com.LogicalOperation" name="logicoperand" time="0.011"/>
  <system-out/>
  <testcase classname="learning.java.com.LogicalOperation" name="logicoperor" time="0.007"/>
  <system-out/>
</testsuite> <!-- learning.java.com.LogicalOperation -->
