<?xml version="1.0" encoding="UTF-8"?>
<!-- Generated by org.testng.reporters.JUnitReportReporter -->
<testsuite hostname="DESKTOP-NKE74KJ" failures="0" tests="1" name="learning.java.com.ArrayLearning" time="0.014" errors="0" timestamp="2023-01-05T13:48:49 IST" skipped="0">
  <testcase classname="learning.java.com.ArrayLearning" name="average" time="0.014"/>
  <system-out/>
</testsuite> <!-- learning.java.com.ArrayLearning -->
