<?xml version="1.0" encoding="UTF-8"?>
<!-- Generated by org.testng.reporters.JUnitReportReporter -->
<testsuite hostname="DESKTOP-NKE74KJ" failures="0" tests="1" name="learning.java.com.Details" time="0.014" errors="0" timestamp="2023-01-01T18:14:15 IST" skipped="0">
  <testcase classname="learning.java.com.Details" name="operation" time="0.014"/>
  <system-out/>
</testsuite> <!-- learning.java.com.Details -->
