<?xml version="1.0" encoding="UTF-8"?>
<!-- Generated by org.testng.reporters.JUnitReportReporter -->
<testsuite hostname="DESKTOP-NKE74KJ" failures="0" tests="1" name="stringbuffer.StringBufferMethods" time="0.012" errors="0" timestamp="2023-03-24T10:07:50 IST" skipped="0">
  <testcase classname="stringbuffer.StringBufferMethods" name="stringBufferTrying" time="0.012"/>
  <system-out/>
</testsuite> <!-- stringbuffer.StringBufferMethods -->
