<?xml version="1.0" encoding="UTF-8"?>
<!-- Generated by org.testng.reporters.JUnitReportReporter -->
<testsuite hostname="DESKTOP-NKE74KJ" failures="0" tests="1" name="seleniumlearning.AgodaDatePicker" time="27.378" errors="0" timestamp="2023-02-02T23:06:44 IST" skipped="0">
  <testcase classname="seleniumlearning.AgodaDatePicker" name="datePicker" time="27.378"/>
  <system-out/>
</testsuite> <!-- seleniumlearning.AgodaDatePicker -->
