<?xml version="1.0" encoding="UTF-8"?>
<!-- Generated by org.testng.reporters.JUnitReportReporter -->
<testsuite hostname="DESKTOP-NKE74KJ" failures="0" tests="1" name="learning.java.com.Iteration" time="0.012" errors="0" timestamp="2023-01-02T23:07:57 IST" skipped="0">
  <testcase classname="learning.java.com.Iteration" name="oper" time="0.012"/>
  <system-out/>
</testsuite> <!-- learning.java.com.Iteration -->
