<?xml version="1.0" encoding="UTF-8"?>
<!-- Generated by org.testng.reporters.JUnitReportReporter -->
<testsuite hostname="DESKTOP-NKE74KJ" failures="0" tests="1" name="testngleaning.PropertiesLearning" time="42.983" errors="0" timestamp="2023-02-16T18:19:53 IST" skipped="0">
  <testcase classname="testngleaning.PropertiesLearning" name="propertiesLearning1" time="42.983"/>
  <system-out/>
</testsuite> <!-- testngleaning.PropertiesLearning -->
