<?xml version="1.0" encoding="UTF-8"?>
<!-- Generated by org.testng.reporters.JUnitReportReporter -->
<testsuite hostname="DESKTOP-NKE74KJ" failures="0" tests="1" name="array.ArrayPractiseProgram" time="0.010" errors="0" timestamp="2023-03-23T20:01:38 IST" skipped="0">
  <testcase classname="array.ArrayPractiseProgram" name="arraySorting" time="0.010"/>
  <system-out/>
</testsuite> <!-- array.ArrayPractiseProgram -->
