<?xml version="1.0" encoding="UTF-8"?>
<!-- Generated by org.testng.reporters.JUnitReportReporter -->
<testsuite hostname="DESKTOP-NKE74KJ" failures="0" tests="1" name="learning.java.com.Shopping" time="6.668" errors="0" timestamp="2023-01-02T00:30:22 IST" skipped="0">
  <testcase classname="learning.java.com.Shopping" name="nestedIf" time="6.668"/>
  <system-out/>
</testsuite> <!-- learning.java.com.Shopping -->
