<?xml version="1.0" encoding="UTF-8"?>
<!-- Generated by org.testng.reporters.JUnitReportReporter -->
<testsuite hostname="DESKTOP-NKE74KJ" failures="0" tests="16" name="programpractice.TreesetExampleAssingmentProgram" time="0.111" errors="0" timestamp="2023-03-21T12:05:41 IST" skipped="0">
  <testcase classname="programpractice.TreesetExampleAssingmentProgram" name="tc14" time="0.003"/>
  <system-out/>
  <testcase classname="programpractice.TreesetExampleAssingmentProgram" name="tc12" time="0.009"/>
  <system-out/>
  <testcase classname="programpractice.TreesetExampleAssingmentProgram" name="tc13" time="0.002"/>
  <system-out/>
  <testcase classname="programpractice.TreesetExampleAssingmentProgram" name="tc4" time="0.040"/>
  <system-out/>
  <testcase classname="programpractice.TreesetExampleAssingmentProgram" name="tc2" time="0.002"/>
  <system-out/>
  <testcase classname="programpractice.TreesetExampleAssingmentProgram" name="tc7" time="0.002"/>
  <system-out/>
  <testcase classname="programpractice.TreesetExampleAssingmentProgram" name="tc1" time="0.012"/>
  <system-out/>
  <testcase classname="programpractice.TreesetExampleAssingmentProgram" name="tc3" time="0.002"/>
  <system-out/>
  <testcase classname="programpractice.TreesetExampleAssingmentProgram" name="tc10" time="0.002"/>
  <system-out/>
  <testcase classname="programpractice.TreesetExampleAssingmentProgram" name="tc8" time="0.001"/>
  <system-out/>
  <testcase classname="programpractice.TreesetExampleAssingmentProgram" name="tc16" time="0.028"/>
  <system-out/>
  <testcase classname="programpractice.TreesetExampleAssingmentProgram" name="tc15" time="0.001"/>
  <system-out/>
  <testcase classname="programpractice.TreesetExampleAssingmentProgram" name="tc5" time="0.001"/>
  <system-out/>
  <testcase classname="programpractice.TreesetExampleAssingmentProgram" name="tc6" time="0.001"/>
  <system-out/>
  <testcase classname="programpractice.TreesetExampleAssingmentProgram" name="tc9" time="0.002"/>
  <system-out/>
  <testcase classname="programpractice.TreesetExampleAssingmentProgram" name="tc11" time="0.003"/>
  <system-out/>
</testsuite> <!-- programpractice.TreesetExampleAssingmentProgram -->
