<?xml version="1.0" encoding="UTF-8"?>
<!-- Generated by org.testng.reporters.JUnitReportReporter -->
<testsuite hostname="DESKTOP-NKE74KJ" failures="0" tests="1" name="javascriptexecutor.JavascriptExecutorRedo" time="51.762" errors="0" timestamp="2023-03-21T10:44:24 IST" skipped="0">
  <testcase classname="javascriptexecutor.JavascriptExecutorRedo" name="jsExecutor" time="51.762"/>
  <system-out/>
</testsuite> <!-- javascriptexecutor.JavascriptExecutorRedo -->
