<?xml version="1.0" encoding="UTF-8"?>
<!-- Generated by org.testng.reporters.JUnitReportReporter -->
<testsuite hostname="DESKTOP-NKE74KJ" failures="0" tests="1" name="seleniumlearning.AlertsHandling" time="14.380" errors="0" timestamp="2023-01-30T12:37:40 IST" skipped="0">
  <testcase classname="seleniumlearning.AlertsHandling" name="isDispalyed" time="14.380"/>
  <system-out/>
</testsuite> <!-- seleniumlearning.AlertsHandling -->
