<?xml version="1.0" encoding="UTF-8"?>
<!-- Generated by org.testng.reporters.JUnitReportReporter -->
<testsuite hostname="DESKTOP-NKE74KJ" failures="0" tests="1" name="seleniumlearning.FrameHandling" time="20.155" errors="0" timestamp="2023-02-13T10:28:45 IST" skipped="0">
  <testcase classname="seleniumlearning.FrameHandling" name="iframehandling" time="20.155"/>
  <system-out/>
</testsuite> <!-- seleniumlearning.FrameHandling -->
