<?xml version="1.0" encoding="UTF-8"?>
<!-- Generated by org.testng.reporters.JUnitReportReporter -->
<testsuite hostname="DESKTOP-NKE74KJ" failures="0" tests="1" name="fileupload.FileUploadingTryProgram" time="25.194" errors="0" timestamp="2023-03-15T11:01:17 IST" skipped="0">
  <testcase classname="fileupload.FileUploadingTryProgram" name="fileUpload" time="25.194"/>
  <system-out/>
</testsuite> <!-- fileupload.FileUploadingTryProgram -->
