<?xml version="1.0" encoding="UTF-8"?>
<!-- Generated by org.testng.reporters.JUnitReportReporter -->
<testsuite hostname="DESKTOP-NKE74KJ" failures="0" tests="1" name="programpractice.RepeatingWordCount" time="0.011" errors="0" timestamp="2023-03-25T11:54:33 IST" skipped="0">
  <testcase classname="programpractice.RepeatingWordCount" name="reversingWord" time="0.011"/>
  <system-out/>
</testsuite> <!-- programpractice.RepeatingWordCount -->
