<?xml version="1.0" encoding="UTF-8"?>
<!-- Generated by org.testng.reporters.JUnitReportReporter -->
<testsuite hostname="DESKTOP-NKE74KJ" failures="0" tests="1" name="programpractice.TreeMapSuganyaTryProgram" time="0.027" errors="0" timestamp="2023-03-31T10:12:20 IST" skipped="0">
  <testcase classname="programpractice.TreeMapSuganyaTryProgram" name="tc1" time="0.027"/>
  <system-out/>
</testsuite> <!-- programpractice.TreeMapSuganyaTryProgram -->
