<?xml version="1.0" encoding="UTF-8"?>
<!-- Generated by org.testng.reporters.JUnitReportReporter -->
<testsuite hostname="DESKTOP-NKE74KJ" failures="0" tests="1" name="collections.IteratingHashMap" time="0.013" errors="0" timestamp="2023-01-22T20:25:30 IST" skipped="0">
  <testcase classname="collections.IteratingHashMap" name="hashMapLearn" time="0.013"/>
  <system-out/>
</testsuite> <!-- collections.IteratingHashMap -->
