<?xml version="1.0" encoding="UTF-8"?>
<!-- Generated by org.testng.reporters.JUnitReportReporter -->
<testsuite hostname="DESKTOP-NKE74KJ" failures="0" tests="1" name="programpractice.ArrayListPrograms" time="0.018" errors="0" timestamp="2023-03-09T12:42:34 IST" skipped="0">
  <testcase classname="programpractice.ArrayListPrograms" name="findElement" time="0.018"/>
  <system-out/>
</testsuite> <!-- programpractice.ArrayListPrograms -->
