<?xml version="1.0" encoding="UTF-8"?>
<!-- Generated by org.testng.reporters.JUnitReportReporter -->
<testsuite hostname="DESKTOP-NKE74KJ" failures="0" tests="1" name="programpractice.HashMapSuganyaTryProgram" time="0.010" errors="0" timestamp="2023-03-27T18:13:53 IST" skipped="0">
  <testcase classname="programpractice.HashMapSuganyaTryProgram" name="maintc10" time="0.010"/>
  <system-out/>
</testsuite> <!-- programpractice.HashMapSuganyaTryProgram -->
