<?xml version="1.0" encoding="UTF-8"?>
<!-- Generated by org.testng.reporters.JUnitReportReporter -->
<testsuite hostname="DESKTOP-NKE74KJ" failures="0" tests="1" name="fileupload.ScreenShot" time="58.556" errors="0" timestamp="2023-03-16T11:04:44 IST" skipped="0">
  <testcase classname="fileupload.ScreenShot" name="MytakeScreenshot1" time="58.556"/>
  <system-out/>
</testsuite> <!-- fileupload.ScreenShot -->
