<?xml version="1.0" encoding="UTF-8"?>
<!-- Generated by org.testng.reporters.JUnitReportReporter -->
<testsuite hostname="DESKTOP-NKE74KJ" failures="0" tests="1" name="programpractice.HashSetProgram" time="0.016" errors="0" timestamp="2023-03-17T11:34:30 IST" skipped="0">
  <testcase classname="programpractice.HashSetProgram" name="tc7" time="0.016"/>
  <system-out/>
</testsuite> <!-- programpractice.HashSetProgram -->
