<?xml version="1.0" encoding="UTF-8"?>
<!-- Generated by org.testng.reporters.JUnitReportReporter -->
<testsuite hostname="DESKTOP-NKE74KJ" failures="0" tests="1" name="seleniumlearning.SwitchWindowHandlings" time="25.206" errors="0" timestamp="2023-04-07T17:20:58 IST" skipped="0">
  <testcase classname="seleniumlearning.SwitchWindowHandlings" name="countofOpenWindow" time="25.206"/>
  <system-out/>
</testsuite> <!-- seleniumlearning.SwitchWindowHandlings -->
