<?xml version="1.0" encoding="UTF-8"?>
<!-- Generated by org.testng.reporters.JUnitReportReporter -->
<testsuite hostname="DESKTOP-NKE74KJ" failures="0" tests="3" name="excellearning.ReadDataFromExcel" time="87.773" errors="0" timestamp="2023-03-09T11:47:53 IST" skipped="0">
  <testcase classname="excellearning.ReadDataFromExcel" name="verifyTitle" time="14.963"/>
  <system-out/>
  <testcase classname="excellearning.ReadDataFromExcel" name="verifyTitle" time="41.872"/>
  <system-out/>
  <testcase classname="excellearning.ReadDataFromExcel" name="verifyTitle" time="30.938"/>
  <system-out/>
</testsuite> <!-- excellearning.ReadDataFromExcel -->
