<?xml version="1.0" encoding="UTF-8"?>
<!-- Generated by org.testng.reporters.JUnitReportReporter -->
<testsuite hostname="DESKTOP-NKE74KJ" failures="0" tests="1" name="learning.java.com.ListOfEvenNumbers" time="13.451" errors="0" timestamp="2023-01-06T13:32:59 IST" skipped="0">
  <testcase classname="learning.java.com.ListOfEvenNumbers" name="evenNum" time="13.451"/>
  <system-out/>
</testsuite> <!-- learning.java.com.ListOfEvenNumbers -->
