<?xml version="1.0" encoding="UTF-8"?>
<!-- Generated by org.testng.reporters.JUnitReportReporter -->
<testsuite hostname="DESKTOP-NKE74KJ" failures="0" tests="2" name="learning.java.com.ConditionalStatementsLearning" time="21.312" errors="0" timestamp="2022-12-30T14:23:20 IST" skipped="0">
  <testcase classname="learning.java.com.ConditionalStatementsLearning" name="ifElseLearning" time="6.858"/>
  <system-out/>
  <testcase classname="learning.java.com.ConditionalStatementsLearning" name="nestedIf" time="14.454"/>
  <system-out/>
</testsuite> <!-- learning.java.com.ConditionalStatementsLearning -->
