<?xml version="1.0" encoding="UTF-8"?>
<!-- Generated by org.testng.reporters.JUnitReportReporter -->
<testsuite hostname="DESKTOP-NKE74KJ" failures="0" tests="1" name="seleniumlearning.EnggCollegeForm" time="8.838" errors="0" timestamp="2023-01-27T23:22:42 IST" skipped="0">
  <testcase classname="seleniumlearning.EnggCollegeForm" name="muthayammal" time="8.838"/>
  <system-out/>
</testsuite> <!-- seleniumlearning.EnggCollegeForm -->
