<?xml version="1.0" encoding="UTF-8"?>
<!-- Generated by org.testng.reporters.JUnitReportReporter -->
<testsuite hostname="DESKTOP-NKE74KJ" failures="0" tests="1" name="learning.java.com.ShoppingInTextiles" time="17.570" errors="0" timestamp="2023-01-01T23:24:31 IST" skipped="0">
  <testcase classname="learning.java.com.ShoppingInTextiles" name="nestedIf" time="17.570"/>
  <system-out/>
</testsuite> <!-- learning.java.com.ShoppingInTextiles -->
