<?xml version="1.0" encoding="UTF-8"?>
<!-- Generated by org.testng.reporters.JUnitReportReporter -->
<testsuite hostname="DESKTOP-NKE74KJ" failures="0" tests="2" name="testnglearning.GroupSocial" time="27.802" errors="0" timestamp="2023-03-02T11:17:36 IST" skipped="0">
  <testcase classname="testnglearning.GroupSocial" name="facebook" time="17.552"/>
  <system-out/>
  <testcase classname="testnglearning.GroupSocial" name="twitter" time="10.250"/>
  <system-out/>
</testsuite> <!-- testnglearning.GroupSocial -->
