<?xml version="1.0" encoding="UTF-8"?>
<!-- Generated by org.testng.reporters.JUnitReportReporter -->
<testsuite hostname="DESKTOP-NKE74KJ" failures="0" tests="1" name="seleniumlearning.WebTable" time="35.617" errors="0" timestamp="2023-02-27T11:21:52 IST" skipped="0">
  <testcase classname="seleniumlearning.WebTable" name="tableName" time="35.617"/>
  <system-out/>
</testsuite> <!-- seleniumlearning.WebTable -->
