<?xml version="1.0" encoding="UTF-8"?>
<!-- Generated by org.testng.reporters.JUnitReportReporter -->
<testsuite hostname="DESKTOP-NKE74KJ" failures="0" tests="1" name="learning.java.com.CallingMethodType" time="0.003" errors="0" timestamp="2023-01-01T22:10:11 IST" skipped="0">
  <testcase classname="learning.java.com.CallingMethodType" name="add" time="0.003"/>
  <system-out/>
</testsuite> <!-- learning.java.com.CallingMethodType -->
