<?xml version="1.0" encoding="UTF-8"?>
<!-- Generated by org.testng.reporters.JUnitReportReporter -->
<testsuite hostname="DESKTOP-NKE74KJ" failures="0" tests="1" name="javascriptexecutor.JavaScriptExecutor" time="241.028" errors="0" timestamp="2023-03-20T16:59:11 IST" skipped="0">
  <testcase classname="javascriptexecutor.JavaScriptExecutor" name="javascriptExecutor" time="241.028"/>
  <system-out/>
</testsuite> <!-- javascriptexecutor.JavaScriptExecutor -->
