<?xml version="1.0" encoding="UTF-8"?>
<!-- Generated by org.testng.reporters.JUnitReportReporter -->
<testsuite hostname="DESKTOP-NKE74KJ" failures="0" tests="1" name="seleniumlearning.NestedFrames" time="42.246" errors="0" timestamp="2023-02-23T12:29:57 IST" skipped="0">
  <testcase classname="seleniumlearning.NestedFrames" name="nestedframe" time="42.246"/>
  <system-out/>
</testsuite> <!-- seleniumlearning.NestedFrames -->
