<?xml version="1.0" encoding="UTF-8"?>
<!-- Generated by org.testng.reporters.JUnitReportReporter -->
<testsuite hostname="DESKTOP-NKE74KJ" failures="0" tests="1" name="waits.ExplictWaitsPracticeProgram" time="45.305" errors="0" timestamp="2023-03-16T11:55:09 IST" skipped="0">
  <testcase classname="waits.ExplictWaitsPracticeProgram" name="visibilityOfElement" time="45.305"/>
  <system-out/>
</testsuite> <!-- waits.ExplictWaitsPracticeProgram -->
