<?xml version="1.0" encoding="UTF-8"?>
<!-- Generated by org.testng.reporters.JUnitReportReporter -->
<testsuite hostname="DESKTOP-NKE74KJ" failures="0" tests="1" name="sikulilearning.SikuliGuviWebsite" time="266.789" errors="0" timestamp="2023-03-29T10:26:03 IST" skipped="0">
  <testcase classname="sikulilearning.SikuliGuviWebsite" name="sikuliActions" time="266.789"/>
  <system-out/>
</testsuite> <!-- sikulilearning.SikuliGuviWebsite -->
