<?xml version="1.0" encoding="UTF-8"?>
<!-- Generated by org.testng.reporters.JUnitReportReporter -->
<testsuite hostname="DESKTOP-NKE74KJ" failures="0" tests="1" name="programpractice.NestedFrames" time="50.442" errors="0" timestamp="2023-04-06T16:38:41 IST" skipped="0">
  <testcase classname="programpractice.NestedFrames" name="frames" time="50.442"/>
  <system-out/>
</testsuite> <!-- programpractice.NestedFrames -->
