<?xml version="1.0" encoding="UTF-8"?>
<!-- Generated by org.testng.reporters.JUnitReportReporter -->
<testsuite hostname="DESKTOP-NKE74KJ" failures="0" tests="1" name="learning.java.com.ArrayLearn" time="0.009" errors="0" timestamp="2023-03-23T19:06:54 IST" skipped="0">
  <testcase classname="learning.java.com.ArrayLearn" name="lengthOfArr" time="0.009"/>
  <system-out/>
</testsuite> <!-- learning.java.com.ArrayLearn -->
