<?xml version="1.0" encoding="UTF-8"?>
<!-- Generated by org.testng.reporters.JUnitReportReporter -->
<testsuite hostname="DESKTOP-NKE74KJ" failures="0" tests="1" name="excellearning.ExcelLearning" time="7.092" errors="0" timestamp="2023-03-07T12:49:14 IST" skipped="0">
  <testcase classname="excellearning.ExcelLearning" name="excelLearning" time="7.092"/>
  <system-out/>
</testsuite> <!-- excellearning.ExcelLearning -->
