<?xml version="1.0" encoding="UTF-8"?>
<!-- Generated by org.testng.reporters.JUnitReportReporter -->
<testsuite hostname="DESKTOP-NKE74KJ" failures="0" tests="3" name="testngleaning.NewGoogleVeri" time="62.494" errors="0" timestamp="2023-02-10T10:26:35 IST" skipped="0">
  <testcase classname="testngleaning.NewGoogleVeri" name="testCase1" time="25.407"/>
  <system-out/>
  <testcase classname="testngleaning.NewGoogleVeri" name="testCase2" time="15.963"/>
  <system-out/>
  <testcase classname="testngleaning.NewGoogleVeri" name="testCase3" time="21.124"/>
  <system-out/>
</testsuite> <!-- testngleaning.NewGoogleVeri -->
