<?xml version="1.0" encoding="UTF-8"?>
<!-- Generated by org.testng.reporters.JUnitReportReporter -->
<testsuite hostname="DESKTOP-NKE74KJ" failures="0" tests="1" name="sikulilearning.SikuliExample" time="60.901" errors="0" timestamp="2023-03-29T09:51:36 IST" skipped="0">
  <testcase classname="sikulilearning.SikuliExample" name="sikuliActions" time="60.901"/>
  <system-out/>
</testsuite> <!-- sikulilearning.SikuliExample -->
