<?xml version="1.0" encoding="UTF-8"?>
<!-- Generated by org.testng.reporters.JUnitReportReporter -->
<testsuite hostname="DESKTOP-NKE74KJ" failures="0" tests="16" name="programpractice.TreeSetSuganyaPractiseProgram" time="0.166" errors="0" timestamp="2023-03-21T11:42:54 IST" skipped="0">
  <testcase classname="programpractice.TreeSetSuganyaPractiseProgram" name="tc14" time="0.009"/>
  <system-out/>
  <testcase classname="programpractice.TreeSetSuganyaPractiseProgram" name="tc12" time="0.010"/>
  <system-out/>
  <testcase classname="programpractice.TreeSetSuganyaPractiseProgram" name="tc13" time="0.013"/>
  <system-out/>
  <testcase classname="programpractice.TreeSetSuganyaPractiseProgram" name="tc6" time="0.004"/>
  <system-out/>
  <testcase classname="programpractice.TreeSetSuganyaPractiseProgram" name="tc2" time="0.016"/>
  <system-out/>
  <testcase classname="programpractice.TreeSetSuganyaPractiseProgram" name="tc1" time="0.031"/>
  <system-out/>
  <testcase classname="programpractice.TreeSetSuganyaPractiseProgram" name="tc8" time="0.007"/>
  <system-out/>
  <testcase classname="programpractice.TreeSetSuganyaPractiseProgram" name="tc4" time="0.019"/>
  <system-out/>
  <testcase classname="programpractice.TreeSetSuganyaPractiseProgram" name="tc16" time="0.003"/>
  <system-out/>
  <testcase classname="programpractice.TreeSetSuganyaPractiseProgram" name="tc10" time="0.009"/>
  <system-out/>
  <testcase classname="programpractice.TreeSetSuganyaPractiseProgram" name="tc15" time="0.002"/>
  <system-out/>
  <testcase classname="programpractice.TreeSetSuganyaPractiseProgram" name="tc3" time="0.005"/>
  <system-out/>
  <testcase classname="programpractice.TreeSetSuganyaPractiseProgram" name="tc9" time="0.015"/>
  <system-out/>
  <testcase classname="programpractice.TreeSetSuganyaPractiseProgram" name="tc7" time="0.003"/>
  <system-out/>
  <testcase classname="programpractice.TreeSetSuganyaPractiseProgram" name="tc11" time="0.005"/>
  <system-out/>
  <testcase classname="programpractice.TreeSetSuganyaPractiseProgram" name="tc5" time="0.015"/>
  <system-out/>
</testsuite> <!-- programpractice.TreeSetSuganyaPractiseProgram -->
