<?xml version="1.0" encoding="UTF-8"?>
<!-- Generated by org.testng.reporters.JUnitReportReporter -->
<testsuite hostname="DESKTOP-NKE74KJ" failures="0" tests="1" name="javascriptexecutor.TwoPlugsPage" time="30.195" errors="0" timestamp="2023-04-08T18:41:27 IST" skipped="0">
  <testcase classname="javascriptexecutor.TwoPlugsPage" name="jsContentPage" time="30.195"/>
  <system-out/>
</testsuite> <!-- javascriptexecutor.TwoPlugsPage -->
