<?xml version="1.0" encoding="UTF-8"?>
<!-- Generated by org.testng.reporters.JUnitReportReporter -->
<testsuite hostname="DESKTOP-NKE74KJ" failures="0" tests="5" name="dataprovider.ParametersUsingDataProvider" time="105.440" errors="0" timestamp="2023-03-06T06:18:37 IST" skipped="0">
  <testcase classname="dataprovider.ParametersUsingDataProvider" name="searchInGoogle" time="26.298"/>
  <system-out/>
  <testcase classname="dataprovider.ParametersUsingDataProvider" name="searchInGoogle" time="21.121"/>
  <system-out/>
  <testcase classname="dataprovider.ParametersUsingDataProvider" name="searchInGoogle" time="23.818"/>
  <system-out/>
  <testcase classname="dataprovider.ParametersUsingDataProvider" name="searchInGoogle" time="17.901"/>
  <system-out/>
  <testcase classname="dataprovider.ParametersUsingDataProvider" name="searchInGoogle" time="16.302"/>
  <system-out/>
</testsuite> <!-- dataprovider.ParametersUsingDataProvider -->
