<?xml version="1.0" encoding="UTF-8"?>
<!-- Generated by org.testng.reporters.JUnitReportReporter -->
<testsuite hostname="DESKTOP-NKE74KJ" failures="0" tests="1" name="learning.java.com.GlobalVariableArithmeticOperation" time="0.016" errors="0" timestamp="2022-12-31T14:18:31 IST" skipped="0">
  <testcase classname="learning.java.com.GlobalVariableArithmeticOperation" name="sum" time="0.016"/>
  <system-out/>
</testsuite> <!-- learning.java.com.GlobalVariableArithmeticOperation -->
