<?xml version="1.0" encoding="UTF-8"?>
<!-- Generated by org.testng.reporters.JUnitReportReporter -->
<testsuite hostname="DESKTOP-NKE74KJ" failures="0" tests="1" name="learning.java.com.BreakVsContinue" time="0.013" errors="0" timestamp="2023-03-23T20:09:38 IST" skipped="0">
  <testcase classname="learning.java.com.BreakVsContinue" name="brecon" time="0.013"/>
  <system-out/>
</testsuite> <!-- learning.java.com.BreakVsContinue -->
