<?xml version="1.0" encoding="UTF-8"?>
<!-- Generated by org.testng.reporters.JUnitReportReporter -->
<testsuite hostname="DESKTOP-NKE74KJ" failures="0" tests="1" name="sikulilearning.FileUploading" time="83.662" errors="0" timestamp="2023-03-31T10:14:09 IST" skipped="0">
  <testcase classname="sikulilearning.FileUploading" name="fileUploadingOperation" time="83.662"/>
  <system-out/>
</testsuite> <!-- sikulilearning.FileUploading -->

