<?xml version="1.0" encoding="UTF-8"?>
<!-- Generated by org.testng.reporters.JUnitReportReporter -->
<testsuite hostname="DESKTOP-NKE74KJ" failures="0" tests="1" name="programpractice.BrokenLinks" time="36.541" errors="0" timestamp="2023-03-13T11:48:05 IST" skipped="0">
  <testcase classname="programpractice.BrokenLinks" name="link" time="36.541"/>
  <system-out/>
</testsuite> <!-- programpractice.BrokenLinks -->
