<?xml version="1.0" encoding="UTF-8"?>
<!-- Generated by org.testng.reporters.JUnitReportReporter -->
<testsuite hostname="DESKTOP-NKE74KJ" failures="0" tests="1" name="collections.ArrayListLearning" time="0.016" errors="0" timestamp="2023-01-22T16:59:40 IST" skipped="0">
  <testcase classname="collections.ArrayListLearning" name="arrayList" time="0.016"/>
  <system-out/>
</testsuite> <!-- collections.ArrayListLearning -->
