<?xml version="1.0" encoding="UTF-8"?>
<!-- Generated by org.testng.reporters.JUnitReportReporter -->
<testsuite hostname="DESKTOP-NKE74KJ" failures="0" tests="2" name="testnglearning.GroupLearning" time="86.433" errors="0" timestamp="2023-03-02T11:17:36 IST" skipped="0">
  <testcase classname="testnglearning.GroupLearning" name="guvi" time="32.993"/>
  <system-out/>
  <testcase classname="testnglearning.GroupLearning" name="javaTPoint" time="53.440"/>
  <system-out/>
</testsuite> <!-- testnglearning.GroupLearning -->
