<?xml version="1.0" encoding="UTF-8"?>
<!-- Generated by org.testng.reporters.JUnitReportReporter -->
<testsuite hostname="DESKTOP-NKE74KJ" failures="0" tests="1" name="learning.java.com.DebugProgramLearnng" time="107.903" errors="0" timestamp="2023-01-03T13:59:02 IST" skipped="0">
  <testcase classname="learning.java.com.DebugProgramLearnng" name="report" time="107.903"/>
  <system-out/>
</testsuite> <!-- learning.java.com.DebugProgramLearnng -->
