<?xml version="1.0" encoding="UTF-8"?>
<!-- Generated by org.testng.reporters.JUnitReportReporter -->
<testsuite hostname="DESKTOP-NKE74KJ" failures="0" tests="1" name="seleniumlearning.Xpath" time="14.146" errors="0" timestamp="2023-01-25T10:42:36 IST" skipped="0">
  <testcase classname="seleniumlearning.Xpath" name="muthayammal" time="14.146"/>
  <system-out/>
</testsuite> <!-- seleniumlearning.Xpath -->
