<?xml version="1.0" encoding="UTF-8"?>
<!-- Generated by org.testng.reporters.JUnitReportReporter -->
<testsuite hostname="DESKTOP-NKE74KJ" failures="0" tests="1" name="programpractice.LargestElementInArray" time="3.636" errors="0" timestamp="2023-03-06T12:04:50 IST" skipped="0">
  <testcase classname="programpractice.LargestElementInArray" name="validatePalindrome" time="3.636"/>
  <system-out/>
</testsuite> <!-- programpractice.LargestElementInArray -->
