<?xml version="1.0" encoding="UTF-8"?>
<!-- Generated by org.testng.reporters.JUnitReportReporter -->
<testsuite hostname="DESKTOP-NKE74KJ" failures="0" tests="1" name="learning.java.com.EvenNumber" time="3.855" errors="0" timestamp="2023-01-03T18:09:38 IST" skipped="0">
  <testcase classname="learning.java.com.EvenNumber" name="even" time="3.855"/>
  <system-out/>
</testsuite> <!-- learning.java.com.EvenNumber -->
