<?xml version="1.0" encoding="UTF-8"?>
<!-- Generated by org.testng.reporters.JUnitReportReporter -->
<testsuite hostname="DESKTOP-NKE74KJ" failures="0" tests="1" name="learning.java.com.ArrayPrimeNumber" time="0.015" errors="0" timestamp="2023-01-11T05:29:27 IST" skipped="0">
  <testcase classname="learning.java.com.ArrayPrimeNumber" name="prime" time="0.015"/>
  <system-out/>
</testsuite> <!-- learning.java.com.ArrayPrimeNumber -->
