<?xml version="1.0" encoding="UTF-8"?>
<!-- Generated by org.testng.reporters.JUnitReportReporter -->
<testsuite hostname="DESKTOP-NKE74KJ" failures="0" tests="1" name="javascriptexecutor.JavaSeriptExecuterTryProgram" time="176.130" errors="0" timestamp="2023-03-20T19:53:17 IST" skipped="0">
  <testcase classname="javascriptexecutor.JavaSeriptExecuterTryProgram" name="guvi" time="176.130"/>
  <system-out/>
</testsuite> <!-- javascriptexecutor.JavaSeriptExecuterTryProgram -->
