<?xml version="1.0" encoding="UTF-8"?>
<!-- Generated by org.testng.reporters.JUnitReportReporter -->
<testsuite hostname="DESKTOP-NKE74KJ" failures="0" tests="1" name="javascriptexecutor.AmazonJsExecutor" time="63.018" errors="0" timestamp="2023-03-21T11:06:25 IST" skipped="0">
  <testcase classname="javascriptexecutor.AmazonJsExecutor" name="amazonJS" time="63.018"/>
  <system-out/>
</testsuite> <!-- javascriptexecutor.AmazonJsExecutor -->
