<?xml version="1.0" encoding="UTF-8"?>
<!-- Generated by org.testng.reporters.JUnitReportReporter -->
<testsuite hostname="DESKTOP-NKE74KJ" failures="0" tests="1" name="javascriptexecutor.ExampleProgram" time="20.582" errors="0" timestamp="2023-03-20T20:09:13 IST" skipped="0">
  <testcase classname="javascriptexecutor.ExampleProgram" name="guviSite" time="20.582"/>
  <system-out/>
</testsuite> <!-- javascriptexecutor.ExampleProgram -->
