<?xml version="1.0" encoding="UTF-8"?>
<!-- Generated by org.testng.reporters.JUnitReportReporter -->
<testsuite hostname="DESKTOP-NKE74KJ" failures="0" tests="1" name="stringbuffer.StringImmutable" time="0.013" errors="0" timestamp="2023-03-23T10:40:59 IST" skipped="0">
  <testcase classname="stringbuffer.StringImmutable" name="tc2" time="0.013"/>
  <system-out/>
</testsuite> <!-- stringbuffer.StringImmutable -->
