<?xml version="1.0" encoding="UTF-8"?>
<!-- Generated by org.testng.reporters.JUnitReportReporter -->
<testsuite hostname="DESKTOP-NKE74KJ" failures="0" tests="1" name="programpractice.LinkedListProgram" time="0.015" errors="0" timestamp="2023-03-13T10:06:01 IST" skipped="0">
  <testcase classname="programpractice.LinkedListProgram" name="appendTheValue" time="0.015"/>
  <system-out/>
</testsuite> <!-- programpractice.LinkedListProgram -->
