<?xml version="1.0" encoding="UTF-8"?>
<!-- Generated by org.testng.reporters.JUnitReportReporter -->
<testsuite hostname="DESKTOP-NKE74KJ" failures="0" tests="1" name="seleniumlearning.SeleniumFirstProgram" time="65.937" errors="0" timestamp="2023-02-12T19:05:32 IST" skipped="0">
  <testcase classname="seleniumlearning.SeleniumFirstProgram" name="sele" time="65.937"/>
  <system-out/>
</testsuite> <!-- seleniumlearning.SeleniumFirstProgram -->
