<?xml version="1.0" encoding="UTF-8"?>
<!-- Generated by org.testng.reporters.JUnitReportReporter -->
<testsuite hostname="DESKTOP-NKE74KJ" failures="0" tests="1" name="testngleaning.ParameterLearning" time="0.014" errors="0" timestamp="2023-02-14T18:59:00 IST" skipped="0">
  <testcase classname="testngleaning.ParameterLearning" name="parameterLearning" time="0.014"/>
  <system-out/>
</testsuite> <!-- testngleaning.ParameterLearning -->
