<?xml version="1.0" encoding="UTF-8"?>
<!-- Generated by org.testng.reporters.JUnitReportReporter -->
<testsuite hostname="DESKTOP-NKE74KJ" failures="0" tests="1" name="learning.java.com.EvenOrOdd" time="6.330" errors="0" timestamp="2023-01-02T01:28:04 IST" skipped="0">
  <testcase classname="learning.java.com.EvenOrOdd" name="even" time="6.330"/>
  <system-out/>
</testsuite> <!-- learning.java.com.EvenOrOdd -->
