<?xml version="1.0" encoding="UTF-8"?>
<!-- Generated by org.testng.reporters.JUnitReportReporter -->
<testsuite hostname="DESKTOP-NKE74KJ" failures="0" tests="1" name="seleniumlearning.SwitchWindowLearning" time="12.237" errors="0" timestamp="2023-04-07T17:02:20 IST" skipped="0">
  <testcase classname="seleniumlearning.SwitchWindowLearning" name="windowsSwitchLearning" time="12.237"/>
  <system-out/>
</testsuite> <!-- seleniumlearning.SwitchWindowLearning -->
