<?xml version="1.0" encoding="UTF-8"?>
<!-- Generated by org.testng.reporters.JUnitReportReporter -->
<testsuite hostname="DESKTOP-NKE74KJ" failures="0" tests="1" name="learning.java.com.relationalOperator" time="0.016" errors="0" timestamp="2022-12-31T23:21:20 IST" skipped="0">
  <testcase classname="learning.java.com.relationalOperator" name="relationoper" time="0.016"/>
  <system-out/>
</testsuite> <!-- learning.java.com.relationalOperator -->
