<?xml version="1.0" encoding="UTF-8"?>
<!-- Generated by org.testng.reporters.JUnitReportReporter -->
<testsuite hostname="DESKTOP-NKE74KJ" failures="0" tests="1" name="programpractice.HashSetSuganyaPractice" time="0.009" errors="0" timestamp="2023-03-17T23:37:59 IST" skipped="0">
  <testcase classname="programpractice.HashSetSuganyaPractice" name="tc12" time="0.009"/>
  <system-out/>
</testsuite> <!-- programpractice.HashSetSuganyaPractice -->
