<?xml version="1.0" encoding="UTF-8"?>
<!-- Generated by org.testng.reporters.JUnitReportReporter -->
<testsuite hostname="DESKTOP-NKE74KJ" failures="0" tests="1" name="programpractice.PrintLinksintheWebpage" time="33.792" errors="0" timestamp="2023-03-06T06:14:03 IST" skipped="0">
  <testcase classname="programpractice.PrintLinksintheWebpage" name="case1" time="33.792"/>
  <system-out/>
</testsuite> <!-- programpractice.PrintLinksintheWebpage -->
