<?xml version="1.0" encoding="UTF-8"?>
<!-- Generated by org.testng.reporters.JUnitReportReporter -->
<testsuite hostname="DESKTOP-NKE74KJ" failures="0" tests="1" name="seleniumlearning.EditableCollegeForm" time="24.475" errors="0" timestamp="2023-04-05T09:58:20 IST" skipped="0">
  <testcase classname="seleniumlearning.EditableCollegeForm" name="form1" time="24.475"/>
  <system-out/>
</testsuite> <!-- seleniumlearning.EditableCollegeForm -->
