<?xml version="1.0" encoding="UTF-8"?>
<!-- Generated by org.testng.reporters.JUnitReportReporter -->
<testsuite hostname="DESKTOP-NKE74KJ" failures="0" tests="3" name="testngleaning.PriorityTesting" time="0.018" errors="0" timestamp="2023-02-10T11:40:19 IST" skipped="0">
  <testcase classname="testngleaning.PriorityTesting" name="Sub1OfThree" time="0.012"/>
  <system-out/>
  <testcase classname="testngleaning.PriorityTesting" name="mul1OfFour" time="0.004"/>
  <system-out/>
  <testcase classname="testngleaning.PriorityTesting" name="Sum1OfTwo" time="0.002"/>
  <system-out/>
</testsuite> <!-- testngleaning.PriorityTesting -->
