<?xml version="1.0" encoding="UTF-8"?>
<!-- Generated by org.testng.reporters.JUnitReportReporter -->
<testsuite hostname="DESKTOP-NKE74KJ" failures="0" tests="1" name="learning.java.com.ArraySorting" time="0.011" errors="0" timestamp="2023-03-06T06:26:51 IST" skipped="0">
  <testcase classname="learning.java.com.ArraySorting" name="sortNo" time="0.011"/>
  <system-out/>
</testsuite> <!-- learning.java.com.ArraySorting -->
