<?xml version="1.0" encoding="UTF-8"?>
<!-- Generated by org.testng.reporters.JUnitReportReporter -->
<testsuite hostname="DESKTOP-NKE74KJ" failures="0" tests="3" name="testngleaning.AnnotationExecution" time="0.027" errors="0" timestamp="2023-02-21T12:48:38 IST" skipped="0">
  <testcase classname="testngleaning.AnnotationExecution" name="testCase2" time="0.005"/>
  <system-out/>
  <testcase classname="testngleaning.AnnotationExecution" name="testCase1" time="0.004"/>
  <system-out/>
  <testcase classname="testngleaning.AnnotationExecution" name="f" time="0.018"/>
  <system-out/>
</testsuite> <!-- testngleaning.AnnotationExecution -->
